Started GET "/" for ::1 at 2021-06-09 18:04:23 +0530
  [1m[35m (1.1ms)[0m  [1m[34mSELECT sqlite_version(*)[0m
Processing by Rails::WelcomeController#index as HTML
  Rendering /home/niyanta/.rvm/gems/ruby-2.5.1/gems/railties-6.1.3.2/lib/rails/templates/rails/welcome/index.html.erb
  Rendered /home/niyanta/.rvm/gems/ruby-2.5.1/gems/railties-6.1.3.2/lib/rails/templates/rails/welcome/index.html.erb (Duration: 10.5ms | Allocations: 506)
Completed 200 OK in 33ms (Views: 14.6ms | ActiveRecord: 0.0ms | Allocations: 4143)


Started GET "/" for ::1 at 2021-06-09 20:27:12 +0530
Processing by PagesController#home as HTML
  Rendering layout layouts/application.html.erb
  Rendering pages/home.html.erb within layouts/application
  Rendered pages/home.html.erb within layouts/application (Duration: 0.3ms | Allocations: 121)
[Webpacker] Compiling...
[Webpacker] Compiled all packs in /home/niyanta/ror_udemy_course/test_app/public/packs
[Webpacker] Though the "loose" option was set to "false" in your @babel/preset-env config, it will not be used for @babel/plugin-proposal-private-methods since the "loose" mode option was set to "true" for @babel/plugin-proposal-class-properties.
The "loose" option must be the same for @babel/plugin-proposal-class-properties, @babel/plugin-proposal-private-methods and @babel/plugin-proposal-private-property-in-object (when they are enabled): you can silence this warning by explicitly adding
	["@babel/plugin-proposal-private-methods", { "loose": true }]
to the "plugins" section of your Babel config.
Though the "loose" option was set to "false" in your @babel/preset-env config, it will not be used for @babel/plugin-proposal-private-methods since the "loose" mode option was set to "true" for @babel/plugin-proposal-class-properties.
The "loose" option must be the same for @babel/plugin-proposal-class-properties, @babel/plugin-proposal-private-methods and @babel/plugin-proposal-private-property-in-object (when they are enabled): you can silence this warning by explicitly adding
	["@babel/plugin-proposal-private-methods", { "loose": true }]
to the "plugins" section of your Babel config.
Though the "loose" option was set to "false" in your @babel/preset-env config, it will not be used for @babel/plugin-proposal-private-methods since the "loose" mode option was set to "true" for @babel/plugin-proposal-class-properties.
The "loose" option must be the same for @babel/plugin-proposal-class-properties, @babel/plugin-proposal-private-methods and @babel/plugin-proposal-private-property-in-object (when they are enabled): you can silence this warning by explicitly adding
	["@babel/plugin-proposal-private-methods", { "loose": true }]
to the "plugins" section of your Babel config.
Though the "loose" option was set to "false" in your @babel/preset-env config, it will not be used for @babel/plugin-proposal-private-methods since the "loose" mode option was set to "true" for @babel/plugin-proposal-class-properties.
The "loose" option must be the same for @babel/plugin-proposal-class-properties, @babel/plugin-proposal-private-methods and @babel/plugin-proposal-private-property-in-object (when they are enabled): you can silence this warning by explicitly adding
	["@babel/plugin-proposal-private-methods", { "loose": true }]
to the "plugins" section of your Babel config.
Though the "loose" option was set to "false" in your @babel/preset-env config, it will not be used for @babel/plugin-proposal-private-methods since the "loose" mode option was set to "true" for @babel/plugin-proposal-class-properties.
The "loose" option must be the same for @babel/plugin-proposal-class-properties, @babel/plugin-proposal-private-methods and @babel/plugin-proposal-private-property-in-object (when they are enabled): you can silence this warning by explicitly adding
	["@babel/plugin-proposal-private-methods", { "loose": true }]
to the "plugins" section of your Babel config.
Though the "loose" option was set to "false" in your @babel/preset-env config, it will not be used for @babel/plugin-proposal-private-methods since the "loose" mode option was set to "true" for @babel/plugin-proposal-class-properties.
The "loose" option must be the same for @babel/plugin-proposal-class-properties, @babel/plugin-proposal-private-methods and @babel/plugin-proposal-private-property-in-object (when they are enabled): you can silence this warning by explicitly adding
	["@babel/plugin-proposal-private-methods", { "loose": true }]
to the "plugins" section of your Babel config.

[Webpacker] Hash: e332c6419728fac579d5
Version: webpack 4.46.0
Time: 1469ms
Built at: 09/06/2021 8:27:14 pm
                                     Asset       Size       Chunks                         Chunk Names
    js/application-f826770d917d8a37c1d8.js    125 KiB  application  [emitted] [immutable]  application
js/application-f826770d917d8a37c1d8.js.map    139 KiB  application  [emitted] [dev]        application
                             manifest.json  364 bytes               [emitted]              
Entrypoint application = js/application-f826770d917d8a37c1d8.js js/application-f826770d917d8a37c1d8.js.map
[./app/javascript/channels sync recursive _channel\.js$] ./app/javascript/channels sync _channel\.js$ 160 bytes {application} [built]
[./app/javascript/channels/index.js] 211 bytes {application} [built]
[./app/javascript/packs/application.js] 492 bytes {application} [built]
[./node_modules/webpack/buildin/module.js] (webpack)/buildin/module.js 552 bytes {application} [built]
    + 3 hidden modules

  Rendered layout layouts/application.html.erb (Duration: 2833.0ms | Allocations: 17497)
Completed 200 OK in 2836ms (Views: 2834.5ms | Allocations: 18691)


Started GET "/" for ::1 at 2021-06-09 20:27:45 +0530
Processing by PagesController#home as HTML
  Rendering layout layouts/application.html.erb
  Rendering pages/home.html.erb within layouts/application
  Rendered pages/home.html.erb within layouts/application (Duration: 0.6ms | Allocations: 117)
[Webpacker] Everything's up-to-date. Nothing to do
  Rendered layout layouts/application.html.erb (Duration: 8.6ms | Allocations: 3597)
Completed 200 OK in 13ms (Views: 10.9ms | Allocations: 4790)


Started GET "/about" for ::1 at 2021-06-09 20:30:38 +0530
Processing by PagesController#about as HTML
  Rendering layout layouts/application.html.erb
  Rendering pages/about.html.erb within layouts/application
  Rendered pages/about.html.erb within layouts/application (Duration: 0.4ms | Allocations: 124)
[Webpacker] Everything's up-to-date. Nothing to do
  Rendered layout layouts/application.html.erb (Duration: 6.7ms | Allocations: 3594)
Completed 200 OK in 10ms (Views: 8.5ms | Allocations: 4799)


Started GET "/" for ::1 at 2021-06-09 20:30:44 +0530
Processing by PagesController#home as HTML
  Rendering layout layouts/application.html.erb
  Rendering pages/home.html.erb within layouts/application
  Rendered pages/home.html.erb within layouts/application (Duration: 0.4ms | Allocations: 118)
[Webpacker] Everything's up-to-date. Nothing to do
  Rendered layout layouts/application.html.erb (Duration: 5.3ms | Allocations: 3409)
Completed 200 OK in 7ms (Views: 5.9ms | Allocations: 3977)


  [1m[35m (1.2ms)[0m  [1m[34mSELECT sqlite_version(*)[0m
  [1m[35m (29.6ms)[0m  [1m[35mCREATE TABLE "schema_migrations" ("version" varchar NOT NULL PRIMARY KEY)[0m
  [1m[35m (18.3ms)[0m  [1m[35mCREATE TABLE "ar_internal_metadata" ("key" varchar NOT NULL PRIMARY KEY, "value" varchar, "created_at" datetime(6) NOT NULL, "updated_at" datetime(6) NOT NULL)[0m
  [1m[35m (0.3ms)[0m  [1m[34mSELECT "schema_migrations"."version" FROM "schema_migrations" ORDER BY "schema_migrations"."version" ASC[0m
Migrating to CreateArticles (20210609191439)
  [1m[36mTRANSACTION (0.1ms)[0m  [1m[36mbegin transaction[0m
  [1m[35m (0.6ms)[0m  [1m[35mCREATE TABLE "articles" ("id" integer PRIMARY KEY AUTOINCREMENT NOT NULL, "title" varchar, "description" text, "created_at" datetime(6) NOT NULL, "updated_at" datetime(6) NOT NULL)[0m
  [1m[36mActiveRecord::SchemaMigration Create (0.4ms)[0m  [1m[32mINSERT INTO "schema_migrations" ("version") VALUES (?)[0m  [["version", "20210609191439"]]
  [1m[36mTRANSACTION (12.4ms)[0m  [1m[36mcommit transaction[0m
  [1m[36mActiveRecord::InternalMetadata Load (0.3ms)[0m  [1m[34mSELECT "ar_internal_metadata".* FROM "ar_internal_metadata" WHERE "ar_internal_metadata"."key" = ? LIMIT ?[0m  [["key", "environment"], ["LIMIT", 1]]
  [1m[36mTRANSACTION (0.1ms)[0m  [1m[36mbegin transaction[0m
  [1m[36mActiveRecord::InternalMetadata Create (0.5ms)[0m  [1m[32mINSERT INTO "ar_internal_metadata" ("key", "value", "created_at", "updated_at") VALUES (?, ?, ?, ?)[0m  [["key", "environment"], ["value", "development"], ["created_at", "2021-06-09 19:16:05.189836"], ["updated_at", "2021-06-09 19:16:05.189836"]]
  [1m[36mTRANSACTION (15.2ms)[0m  [1m[36mcommit transaction[0m
  [1m[35m (0.1ms)[0m  [1m[34mSELECT sqlite_version(*)[0m
  [1m[35m (0.5ms)[0m  [1m[34mSELECT "schema_migrations"."version" FROM "schema_migrations" ORDER BY "schema_migrations"."version" ASC[0m
Started GET "/articles" for ::1 at 2021-06-10 00:49:21 +0530
  [1m[35m (1.0ms)[0m  [1m[34mSELECT sqlite_version(*)[0m
  [1m[35m (0.2ms)[0m  [1m[34mSELECT "schema_migrations"."version" FROM "schema_migrations" ORDER BY "schema_migrations"."version" ASC[0m
Processing by ArticlesController#index as HTML
  Rendering layout layouts/application.html.erb
  Rendering articles/index.html.erb within layouts/application
  [1m[36mArticle Load (0.2ms)[0m  [1m[34mSELECT "articles".* FROM "articles"[0m
  ↳ app/views/articles/index.html.erb:15
  Rendered articles/index.html.erb within layouts/application (Duration: 6.4ms | Allocations: 1324)
[Webpacker] Everything's up-to-date. Nothing to do
  Rendered layout layouts/application.html.erb (Duration: 66.5ms | Allocations: 22438)
Completed 200 OK in 92ms (Views: 72.3ms | ActiveRecord: 0.2ms | Allocations: 26961)


Started GET "/articles/new" for ::1 at 2021-06-10 00:50:26 +0530
Processing by ArticlesController#new as HTML
  Rendering layout layouts/application.html.erb
  Rendering articles/new.html.erb within layouts/application
  Rendered articles/_form.html.erb (Duration: 33.7ms | Allocations: 11385)
  Rendered articles/new.html.erb within layouts/application (Duration: 35.2ms | Allocations: 11773)
[Webpacker] Everything's up-to-date. Nothing to do
  Rendered layout layouts/application.html.erb (Duration: 43.1ms | Allocations: 15104)
Completed 200 OK in 52ms (Views: 44.0ms | ActiveRecord: 0.7ms | Allocations: 19402)


Started POST "/articles" for ::1 at 2021-06-10 00:51:04 +0530
Processing by ArticlesController#create as HTML
  Parameters: {"authenticity_token"=>"[FILTERED]", "article"=>{"title"=>"First article", "description"=>"test description "}, "commit"=>"Create Article"}
  [1m[36mTRANSACTION (0.2ms)[0m  [1m[36mbegin transaction[0m
  ↳ app/controllers/articles_controller.rb:27:in `block in create'
  [1m[36mArticle Create (1.1ms)[0m  [1m[32mINSERT INTO "articles" ("title", "description", "created_at", "updated_at") VALUES (?, ?, ?, ?)[0m  [["title", "First article"], ["description", "test description "], ["created_at", "2021-06-09 19:21:04.338381"], ["updated_at", "2021-06-09 19:21:04.338381"]]
  ↳ app/controllers/articles_controller.rb:27:in `block in create'
  [1m[36mTRANSACTION (9.3ms)[0m  [1m[36mcommit transaction[0m
  ↳ app/controllers/articles_controller.rb:27:in `block in create'
Redirected to http://localhost:3000/articles/1
Completed 302 Found in 30ms (ActiveRecord: 10.6ms | Allocations: 5256)


Started GET "/articles/1" for ::1 at 2021-06-10 00:51:04 +0530
Processing by ArticlesController#show as HTML
  Parameters: {"id"=>"1"}
  [1m[36mArticle Load (0.3ms)[0m  [1m[34mSELECT "articles".* FROM "articles" WHERE "articles"."id" = ? LIMIT ?[0m  [["id", 1], ["LIMIT", 1]]
  ↳ app/controllers/articles_controller.rb:62:in `set_article'
  Rendering layout layouts/application.html.erb
  Rendering articles/show.html.erb within layouts/application
  Rendered articles/show.html.erb within layouts/application (Duration: 1.4ms | Allocations: 295)
[Webpacker] Everything's up-to-date. Nothing to do
  Rendered layout layouts/application.html.erb (Duration: 10.3ms | Allocations: 3666)
Completed 200 OK in 26ms (Views: 11.6ms | ActiveRecord: 0.3ms | Allocations: 9321)


Started GET "/articles" for ::1 at 2021-06-10 00:51:20 +0530
Processing by ArticlesController#index as HTML
  Rendering layout layouts/application.html.erb
  Rendering articles/index.html.erb within layouts/application
  [1m[36mArticle Load (0.5ms)[0m  [1m[34mSELECT "articles".* FROM "articles"[0m
  ↳ app/views/articles/index.html.erb:15
  Rendered articles/index.html.erb within layouts/application (Duration: 8.5ms | Allocations: 844)
[Webpacker] Everything's up-to-date. Nothing to do
  Rendered layout layouts/application.html.erb (Duration: 20.4ms | Allocations: 4272)
Completed 200 OK in 24ms (Views: 21.2ms | ActiveRecord: 0.5ms | Allocations: 4742)


Started GET "/articles/new" for ::1 at 2021-06-10 00:51:27 +0530
Processing by ArticlesController#new as HTML
  Rendering layout layouts/application.html.erb
  Rendering articles/new.html.erb within layouts/application
  Rendered articles/_form.html.erb (Duration: 3.7ms | Allocations: 731)
  Rendered articles/new.html.erb within layouts/application (Duration: 4.4ms | Allocations: 854)
[Webpacker] Everything's up-to-date. Nothing to do
  Rendered layout layouts/application.html.erb (Duration: 15.8ms | Allocations: 4970)
Completed 200 OK in 20ms (Views: 17.5ms | ActiveRecord: 0.0ms | Allocations: 5442)


Started POST "/articles" for ::1 at 2021-06-10 00:51:36 +0530
Processing by ArticlesController#create as HTML
  Parameters: {"authenticity_token"=>"[FILTERED]", "article"=>{"title"=>"Second article", "description"=>"hey, this is fun"}, "commit"=>"Create Article"}
  [1m[36mTRANSACTION (0.3ms)[0m  [1m[36mbegin transaction[0m
  ↳ app/controllers/articles_controller.rb:27:in `block in create'
  [1m[36mArticle Create (2.5ms)[0m  [1m[32mINSERT INTO "articles" ("title", "description", "created_at", "updated_at") VALUES (?, ?, ?, ?)[0m  [["title", "Second article"], ["description", "hey, this is fun"], ["created_at", "2021-06-09 19:21:36.949647"], ["updated_at", "2021-06-09 19:21:36.949647"]]
  ↳ app/controllers/articles_controller.rb:27:in `block in create'
  [1m[36mTRANSACTION (9.2ms)[0m  [1m[36mcommit transaction[0m
  ↳ app/controllers/articles_controller.rb:27:in `block in create'
Redirected to http://localhost:3000/articles/2
Completed 302 Found in 41ms (ActiveRecord: 12.0ms | Allocations: 5000)


Started GET "/articles/2" for ::1 at 2021-06-10 00:51:36 +0530
Processing by ArticlesController#show as HTML
  Parameters: {"id"=>"2"}
  [1m[36mArticle Load (0.1ms)[0m  [1m[34mSELECT "articles".* FROM "articles" WHERE "articles"."id" = ? LIMIT ?[0m  [["id", 2], ["LIMIT", 1]]
  ↳ app/controllers/articles_controller.rb:62:in `set_article'
  Rendering layout layouts/application.html.erb
  Rendering articles/show.html.erb within layouts/application
  Rendered articles/show.html.erb within layouts/application (Duration: 0.9ms | Allocations: 108)
[Webpacker] Everything's up-to-date. Nothing to do
  Rendered layout layouts/application.html.erb (Duration: 11.0ms | Allocations: 3534)
Completed 200 OK in 15ms (Views: 11.9ms | ActiveRecord: 0.1ms | Allocations: 4554)


Started GET "/articles" for ::1 at 2021-06-10 00:51:38 +0530
Processing by ArticlesController#index as HTML
  Rendering layout layouts/application.html.erb
  Rendering articles/index.html.erb within layouts/application
  [1m[36mArticle Load (0.3ms)[0m  [1m[34mSELECT "articles".* FROM "articles"[0m
  ↳ app/views/articles/index.html.erb:15
  Rendered articles/index.html.erb within layouts/application (Duration: 6.2ms | Allocations: 945)
[Webpacker] Everything's up-to-date. Nothing to do
  Rendered layout layouts/application.html.erb (Duration: 15.6ms | Allocations: 5056)
Completed 200 OK in 19ms (Views: 16.6ms | ActiveRecord: 0.3ms | Allocations: 5517)


